02-Apr-2022 22:34:38.093 INFO [main] org.apache.catalina.startup.VersionLoggerListener.log 서버 버전 이름:    Apache Tomcat/9.0.60
02-Apr-2022 22:34:38.096 INFO [main] org.apache.catalina.startup.VersionLoggerListener.log Server 빌드 시각:  Mar 9 2022 14:52:25 UTC
02-Apr-2022 22:34:38.096 INFO [main] org.apache.catalina.startup.VersionLoggerListener.log Server 버전 번호:  9.0.60.0
02-Apr-2022 22:34:38.096 INFO [main] org.apache.catalina.startup.VersionLoggerListener.log 운영체제 이름:     Windows 10
02-Apr-2022 22:34:38.096 INFO [main] org.apache.catalina.startup.VersionLoggerListener.log 운영체제 버전:     10.0
02-Apr-2022 22:34:38.096 INFO [main] org.apache.catalina.startup.VersionLoggerListener.log 아키텍처:          amd64
02-Apr-2022 22:34:38.096 INFO [main] org.apache.catalina.startup.VersionLoggerListener.log 자바 홈:           C:\Program Files\Java\jdk-18
02-Apr-2022 22:34:38.096 INFO [main] org.apache.catalina.startup.VersionLoggerListener.log JVM 버전:          18+36-2087
02-Apr-2022 22:34:38.097 INFO [main] org.apache.catalina.startup.VersionLoggerListener.log JVM 벤더:          Oracle Corporation
02-Apr-2022 22:34:38.097 INFO [main] org.apache.catalina.startup.VersionLoggerListener.log CATALINA_BASE:     D:\code_java\JSP_board\apache-tomcat-9.0.60
02-Apr-2022 22:34:38.097 INFO [main] org.apache.catalina.startup.VersionLoggerListener.log CATALINA_HOME:     D:\code_java\JSP_board\apache-tomcat-9.0.60
02-Apr-2022 22:34:38.109 INFO [main] org.apache.catalina.startup.VersionLoggerListener.log 명령 행 아규먼트:  --add-opens=java.base/java.lang=ALL-UNNAMED
02-Apr-2022 22:34:38.109 INFO [main] org.apache.catalina.startup.VersionLoggerListener.log 명령 행 아규먼트:  --add-opens=java.base/java.io=ALL-UNNAMED
02-Apr-2022 22:34:38.109 INFO [main] org.apache.catalina.startup.VersionLoggerListener.log 명령 행 아규먼트:  --add-opens=java.base/java.util=ALL-UNNAMED
02-Apr-2022 22:34:38.109 INFO [main] org.apache.catalina.startup.VersionLoggerListener.log 명령 행 아규먼트:  --add-opens=java.base/java.util.concurrent=ALL-UNNAMED
02-Apr-2022 22:34:38.109 INFO [main] org.apache.catalina.startup.VersionLoggerListener.log 명령 행 아규먼트:  --add-opens=java.rmi/sun.rmi.transport=ALL-UNNAMED
02-Apr-2022 22:34:38.110 INFO [main] org.apache.catalina.startup.VersionLoggerListener.log 명령 행 아규먼트:  -Djava.util.logging.config.file=D:\code_java\JSP_board\apache-tomcat-9.0.60\conf\logging.properties
02-Apr-2022 22:34:38.110 INFO [main] org.apache.catalina.startup.VersionLoggerListener.log 명령 행 아규먼트:  -Djava.util.logging.manager=org.apache.juli.ClassLoaderLogManager
02-Apr-2022 22:34:38.110 INFO [main] org.apache.catalina.startup.VersionLoggerListener.log 명령 행 아규먼트:  -Djdk.tls.ephemeralDHKeySize=2048
02-Apr-2022 22:34:38.110 INFO [main] org.apache.catalina.startup.VersionLoggerListener.log 명령 행 아규먼트:  -Djava.protocol.handler.pkgs=org.apache.catalina.webresources
02-Apr-2022 22:34:38.110 INFO [main] org.apache.catalina.startup.VersionLoggerListener.log 명령 행 아규먼트:  -Dignore.endorsed.dirs=
02-Apr-2022 22:34:38.111 INFO [main] org.apache.catalina.startup.VersionLoggerListener.log 명령 행 아규먼트:  -Dcatalina.base=D:\code_java\JSP_board\apache-tomcat-9.0.60
02-Apr-2022 22:34:38.111 INFO [main] org.apache.catalina.startup.VersionLoggerListener.log 명령 행 아규먼트:  -Dcatalina.home=D:\code_java\JSP_board\apache-tomcat-9.0.60
02-Apr-2022 22:34:38.111 INFO [main] org.apache.catalina.startup.VersionLoggerListener.log 명령 행 아규먼트:  -Djava.io.tmpdir=D:\code_java\JSP_board\apache-tomcat-9.0.60\temp
02-Apr-2022 22:34:38.131 INFO [main] org.apache.catalina.core.AprLifecycleListener.lifecycleEvent APR 버전 [1.7.0]을(를) 사용한, APR 기반 Apache Tomcat Native 라이브러리 [1.2.31]을(를) 로드했습니다.
02-Apr-2022 22:34:38.131 INFO [main] org.apache.catalina.core.AprLifecycleListener.lifecycleEvent APR 용량정보들: IPv6 [true], sendfile [true], accept filters [false], random [true], UDS [true].
02-Apr-2022 22:34:38.131 INFO [main] org.apache.catalina.core.AprLifecycleListener.lifecycleEvent APR/OpenSSL 설정: useAprConnector [false], useOpenSSL [true]
02-Apr-2022 22:34:38.144 INFO [main] org.apache.catalina.core.AprLifecycleListener.initializeSSL OpenSSL이 성공적으로 초기화되었습니다: [OpenSSL 1.1.1l  24 Aug 2021]
02-Apr-2022 22:34:38.328 INFO [main] org.apache.coyote.AbstractProtocol.init 프로토콜 핸들러 ["http-nio-8080"]을(를) 초기화합니다.
02-Apr-2022 22:34:38.344 INFO [main] org.apache.catalina.startup.Catalina.load [385] 밀리초 내에 서버가 초기화되었습니다.
02-Apr-2022 22:34:38.374 INFO [main] org.apache.catalina.core.StandardService.startInternal 서비스 [Catalina]을(를) 시작합니다.
02-Apr-2022 22:34:38.375 INFO [main] org.apache.catalina.core.StandardEngine.startInternal 서버 엔진을 시작합니다: [Apache Tomcat/9.0.60]
02-Apr-2022 22:34:38.382 INFO [main] org.apache.catalina.startup.HostConfig.deployDirectory 웹 애플리케이션 디렉토리 [D:\code_java\JSP_board\apache-tomcat-9.0.60\webapps\docs]을(를) 배치합니다.
02-Apr-2022 22:34:38.573 INFO [main] org.apache.catalina.startup.HostConfig.deployDirectory 웹 애플리케이션 디렉토리 [D:\code_java\JSP_board\apache-tomcat-9.0.60\webapps\docs]에 대한 배치가 [189] 밀리초에 완료되었습니다.
02-Apr-2022 22:34:38.574 INFO [main] org.apache.catalina.startup.HostConfig.deployDirectory 웹 애플리케이션 디렉토리 [D:\code_java\JSP_board\apache-tomcat-9.0.60\webapps\examples]을(를) 배치합니다.
02-Apr-2022 22:34:39.006 INFO [main] org.apache.catalina.startup.HostConfig.deployDirectory 웹 애플리케이션 디렉토리 [D:\code_java\JSP_board\apache-tomcat-9.0.60\webapps\examples]에 대한 배치가 [432] 밀리초에 완료되었습니다.
02-Apr-2022 22:34:39.006 INFO [main] org.apache.catalina.startup.HostConfig.deployDirectory 웹 애플리케이션 디렉토리 [D:\code_java\JSP_board\apache-tomcat-9.0.60\webapps\host-manager]을(를) 배치합니다.
02-Apr-2022 22:34:39.037 INFO [main] org.apache.catalina.startup.HostConfig.deployDirectory 웹 애플리케이션 디렉토리 [D:\code_java\JSP_board\apache-tomcat-9.0.60\webapps\host-manager]에 대한 배치가 [29] 밀리초에 완료되었습니다.
02-Apr-2022 22:34:39.038 INFO [main] org.apache.catalina.startup.HostConfig.deployDirectory 웹 애플리케이션 디렉토리 [D:\code_java\JSP_board\apache-tomcat-9.0.60\webapps\manager]을(를) 배치합니다.
02-Apr-2022 22:34:39.065 INFO [main] org.apache.catalina.startup.HostConfig.deployDirectory 웹 애플리케이션 디렉토리 [D:\code_java\JSP_board\apache-tomcat-9.0.60\webapps\manager]에 대한 배치가 [28] 밀리초에 완료되었습니다.
02-Apr-2022 22:34:39.066 INFO [main] org.apache.catalina.startup.HostConfig.deployDirectory 웹 애플리케이션 디렉토리 [D:\code_java\JSP_board\apache-tomcat-9.0.60\webapps\ROOT]을(를) 배치합니다.
02-Apr-2022 22:34:39.083 INFO [main] org.apache.catalina.startup.HostConfig.deployDirectory 웹 애플리케이션 디렉토리 [D:\code_java\JSP_board\apache-tomcat-9.0.60\webapps\ROOT]에 대한 배치가 [17] 밀리초에 완료되었습니다.
02-Apr-2022 22:34:39.086 INFO [main] org.apache.coyote.AbstractProtocol.start 프로토콜 핸들러 ["http-nio-8080"]을(를) 시작합니다.
02-Apr-2022 22:34:39.121 INFO [main] org.apache.catalina.startup.Catalina.start 서버가 [775] 밀리초 내에 시작되었습니다.
