30-Mar-2022 17:52:21.874 INFO [main] org.apache.catalina.startup.VersionLoggerListener.log 서버 버전 이름:    Apache Tomcat/9.0.60
30-Mar-2022 17:52:21.879 INFO [main] org.apache.catalina.startup.VersionLoggerListener.log Server 빌드 시각:  Mar 9 2022 14:52:25 UTC
30-Mar-2022 17:52:21.879 INFO [main] org.apache.catalina.startup.VersionLoggerListener.log Server 버전 번호:  9.0.60.0
30-Mar-2022 17:52:21.880 INFO [main] org.apache.catalina.startup.VersionLoggerListener.log 운영체제 이름:     Windows 10
30-Mar-2022 17:52:21.880 INFO [main] org.apache.catalina.startup.VersionLoggerListener.log 운영체제 버전:     10.0
30-Mar-2022 17:52:21.880 INFO [main] org.apache.catalina.startup.VersionLoggerListener.log 아키텍처:          amd64
30-Mar-2022 17:52:21.880 INFO [main] org.apache.catalina.startup.VersionLoggerListener.log 자바 홈:           C:\Program Files\Java\jdk-18
30-Mar-2022 17:52:21.881 INFO [main] org.apache.catalina.startup.VersionLoggerListener.log JVM 버전:          18+36-2087
30-Mar-2022 17:52:21.881 INFO [main] org.apache.catalina.startup.VersionLoggerListener.log JVM 벤더:          Oracle Corporation
30-Mar-2022 17:52:21.881 INFO [main] org.apache.catalina.startup.VersionLoggerListener.log CATALINA_BASE:     D:\java_practice\JSP_board\apache-tomcat-9.0.60
30-Mar-2022 17:52:21.881 INFO [main] org.apache.catalina.startup.VersionLoggerListener.log CATALINA_HOME:     D:\java_practice\JSP_board\apache-tomcat-9.0.60
30-Mar-2022 17:52:21.894 INFO [main] org.apache.catalina.startup.VersionLoggerListener.log 명령 행 아규먼트:  --add-opens=java.base/java.lang=ALL-UNNAMED
30-Mar-2022 17:52:21.894 INFO [main] org.apache.catalina.startup.VersionLoggerListener.log 명령 행 아규먼트:  --add-opens=java.base/java.io=ALL-UNNAMED
30-Mar-2022 17:52:21.899 INFO [main] org.apache.catalina.startup.VersionLoggerListener.log 명령 행 아규먼트:  --add-opens=java.base/java.util=ALL-UNNAMED
30-Mar-2022 17:52:21.899 INFO [main] org.apache.catalina.startup.VersionLoggerListener.log 명령 행 아규먼트:  --add-opens=java.base/java.util.concurrent=ALL-UNNAMED
30-Mar-2022 17:52:21.900 INFO [main] org.apache.catalina.startup.VersionLoggerListener.log 명령 행 아규먼트:  --add-opens=java.rmi/sun.rmi.transport=ALL-UNNAMED
30-Mar-2022 17:52:21.901 INFO [main] org.apache.catalina.startup.VersionLoggerListener.log 명령 행 아규먼트:  -Djava.util.logging.config.file=D:\java_practice\JSP_board\apache-tomcat-9.0.60\conf\logging.properties
30-Mar-2022 17:52:21.901 INFO [main] org.apache.catalina.startup.VersionLoggerListener.log 명령 행 아규먼트:  -Djava.util.logging.manager=org.apache.juli.ClassLoaderLogManager
30-Mar-2022 17:52:21.901 INFO [main] org.apache.catalina.startup.VersionLoggerListener.log 명령 행 아규먼트:  -Djdk.tls.ephemeralDHKeySize=2048
30-Mar-2022 17:52:21.902 INFO [main] org.apache.catalina.startup.VersionLoggerListener.log 명령 행 아규먼트:  -Djava.protocol.handler.pkgs=org.apache.catalina.webresources
30-Mar-2022 17:52:21.902 INFO [main] org.apache.catalina.startup.VersionLoggerListener.log 명령 행 아규먼트:  -Dignore.endorsed.dirs=
30-Mar-2022 17:52:21.903 INFO [main] org.apache.catalina.startup.VersionLoggerListener.log 명령 행 아규먼트:  -Dcatalina.base=D:\java_practice\JSP_board\apache-tomcat-9.0.60
30-Mar-2022 17:52:21.903 INFO [main] org.apache.catalina.startup.VersionLoggerListener.log 명령 행 아규먼트:  -Dcatalina.home=D:\java_practice\JSP_board\apache-tomcat-9.0.60
30-Mar-2022 17:52:21.904 INFO [main] org.apache.catalina.startup.VersionLoggerListener.log 명령 행 아규먼트:  -Djava.io.tmpdir=D:\java_practice\JSP_board\apache-tomcat-9.0.60\temp
30-Mar-2022 17:52:21.938 INFO [main] org.apache.catalina.core.AprLifecycleListener.lifecycleEvent APR 버전 [1.7.0]을(를) 사용한, APR 기반 Apache Tomcat Native 라이브러리 [1.2.31]을(를) 로드했습니다.
30-Mar-2022 17:52:21.941 INFO [main] org.apache.catalina.core.AprLifecycleListener.lifecycleEvent APR 용량정보들: IPv6 [true], sendfile [true], accept filters [false], random [true], UDS [true].
30-Mar-2022 17:52:21.942 INFO [main] org.apache.catalina.core.AprLifecycleListener.lifecycleEvent APR/OpenSSL 설정: useAprConnector [false], useOpenSSL [true]
30-Mar-2022 17:52:21.949 INFO [main] org.apache.catalina.core.AprLifecycleListener.initializeSSL OpenSSL이 성공적으로 초기화되었습니다: [OpenSSL 1.1.1l  24 Aug 2021]
30-Mar-2022 17:52:22.213 INFO [main] org.apache.coyote.AbstractProtocol.init 프로토콜 핸들러 ["http-nio-8080"]을(를) 초기화합니다.
30-Mar-2022 17:52:22.238 INFO [main] org.apache.catalina.startup.Catalina.load [564] 밀리초 내에 서버가 초기화되었습니다.
30-Mar-2022 17:52:22.278 INFO [main] org.apache.catalina.core.StandardService.startInternal 서비스 [Catalina]을(를) 시작합니다.
30-Mar-2022 17:52:22.280 INFO [main] org.apache.catalina.core.StandardEngine.startInternal 서버 엔진을 시작합니다: [Apache Tomcat/9.0.60]
30-Mar-2022 17:52:22.287 INFO [main] org.apache.catalina.startup.HostConfig.deployDirectory 웹 애플리케이션 디렉토리 [D:\java_practice\JSP_board\apache-tomcat-9.0.60\webapps\docs]을(를) 배치합니다.
30-Mar-2022 17:52:22.569 INFO [main] org.apache.catalina.startup.HostConfig.deployDirectory 웹 애플리케이션 디렉토리 [D:\java_practice\JSP_board\apache-tomcat-9.0.60\webapps\docs]에 대한 배치가 [280] 밀리초에 완료되었습니다.
30-Mar-2022 17:52:22.570 INFO [main] org.apache.catalina.startup.HostConfig.deployDirectory 웹 애플리케이션 디렉토리 [D:\java_practice\JSP_board\apache-tomcat-9.0.60\webapps\examples]을(를) 배치합니다.
30-Mar-2022 17:52:22.849 INFO [main] org.apache.catalina.startup.HostConfig.deployDirectory 웹 애플리케이션 디렉토리 [D:\java_practice\JSP_board\apache-tomcat-9.0.60\webapps\examples]에 대한 배치가 [279] 밀리초에 완료되었습니다.
30-Mar-2022 17:52:22.851 INFO [main] org.apache.catalina.startup.HostConfig.deployDirectory 웹 애플리케이션 디렉토리 [D:\java_practice\JSP_board\apache-tomcat-9.0.60\webapps\host-manager]을(를) 배치합니다.
30-Mar-2022 17:52:22.882 INFO [main] org.apache.catalina.startup.HostConfig.deployDirectory 웹 애플리케이션 디렉토리 [D:\java_practice\JSP_board\apache-tomcat-9.0.60\webapps\host-manager]에 대한 배치가 [31] 밀리초에 완료되었습니다.
30-Mar-2022 17:52:22.883 INFO [main] org.apache.catalina.startup.HostConfig.deployDirectory 웹 애플리케이션 디렉토리 [D:\java_practice\JSP_board\apache-tomcat-9.0.60\webapps\manager]을(를) 배치합니다.
30-Mar-2022 17:52:22.914 INFO [main] org.apache.catalina.startup.HostConfig.deployDirectory 웹 애플리케이션 디렉토리 [D:\java_practice\JSP_board\apache-tomcat-9.0.60\webapps\manager]에 대한 배치가 [31] 밀리초에 완료되었습니다.
30-Mar-2022 17:52:22.916 INFO [main] org.apache.catalina.startup.HostConfig.deployDirectory 웹 애플리케이션 디렉토리 [D:\java_practice\JSP_board\apache-tomcat-9.0.60\webapps\ROOT]을(를) 배치합니다.
30-Mar-2022 17:52:22.932 INFO [main] org.apache.catalina.startup.HostConfig.deployDirectory 웹 애플리케이션 디렉토리 [D:\java_practice\JSP_board\apache-tomcat-9.0.60\webapps\ROOT]에 대한 배치가 [16] 밀리초에 완료되었습니다.
30-Mar-2022 17:52:22.938 INFO [main] org.apache.coyote.AbstractProtocol.start 프로토콜 핸들러 ["http-nio-8080"]을(를) 시작합니다.
30-Mar-2022 17:52:22.995 INFO [main] org.apache.catalina.startup.Catalina.start 서버가 [754] 밀리초 내에 시작되었습니다.
30-Mar-2022 17:53:49.796 INFO [main] org.apache.catalina.startup.VersionLoggerListener.log 서버 버전 이름:    Apache Tomcat/9.0.60
30-Mar-2022 17:53:49.800 INFO [main] org.apache.catalina.startup.VersionLoggerListener.log Server 빌드 시각:  Mar 9 2022 14:52:25 UTC
30-Mar-2022 17:53:49.800 INFO [main] org.apache.catalina.startup.VersionLoggerListener.log Server 버전 번호:  9.0.60.0
30-Mar-2022 17:53:49.800 INFO [main] org.apache.catalina.startup.VersionLoggerListener.log 운영체제 이름:     Windows 10
30-Mar-2022 17:53:49.800 INFO [main] org.apache.catalina.startup.VersionLoggerListener.log 운영체제 버전:     10.0
30-Mar-2022 17:53:49.800 INFO [main] org.apache.catalina.startup.VersionLoggerListener.log 아키텍처:          amd64
30-Mar-2022 17:53:49.800 INFO [main] org.apache.catalina.startup.VersionLoggerListener.log 자바 홈:           C:\Program Files\Java\jdk-18
30-Mar-2022 17:53:49.800 INFO [main] org.apache.catalina.startup.VersionLoggerListener.log JVM 버전:          18+36-2087
30-Mar-2022 17:53:49.800 INFO [main] org.apache.catalina.startup.VersionLoggerListener.log JVM 벤더:          Oracle Corporation
30-Mar-2022 17:53:49.800 INFO [main] org.apache.catalina.startup.VersionLoggerListener.log CATALINA_BASE:     D:\java_practice\JSP_board\apache-tomcat-9.0.60
30-Mar-2022 17:53:49.800 INFO [main] org.apache.catalina.startup.VersionLoggerListener.log CATALINA_HOME:     D:\java_practice\JSP_board\apache-tomcat-9.0.60
30-Mar-2022 17:53:49.809 INFO [main] org.apache.catalina.startup.VersionLoggerListener.log 명령 행 아규먼트:  --add-opens=java.base/java.lang=ALL-UNNAMED
30-Mar-2022 17:53:49.809 INFO [main] org.apache.catalina.startup.VersionLoggerListener.log 명령 행 아규먼트:  --add-opens=java.base/java.io=ALL-UNNAMED
30-Mar-2022 17:53:49.810 INFO [main] org.apache.catalina.startup.VersionLoggerListener.log 명령 행 아규먼트:  --add-opens=java.base/java.util=ALL-UNNAMED
30-Mar-2022 17:53:49.810 INFO [main] org.apache.catalina.startup.VersionLoggerListener.log 명령 행 아규먼트:  --add-opens=java.base/java.util.concurrent=ALL-UNNAMED
30-Mar-2022 17:53:49.812 INFO [main] org.apache.catalina.startup.VersionLoggerListener.log 명령 행 아규먼트:  --add-opens=java.rmi/sun.rmi.transport=ALL-UNNAMED
30-Mar-2022 17:53:49.812 INFO [main] org.apache.catalina.startup.VersionLoggerListener.log 명령 행 아규먼트:  -Djava.util.logging.config.file=D:\java_practice\JSP_board\apache-tomcat-9.0.60\conf\logging.properties
30-Mar-2022 17:53:49.812 INFO [main] org.apache.catalina.startup.VersionLoggerListener.log 명령 행 아규먼트:  -Djava.util.logging.manager=org.apache.juli.ClassLoaderLogManager
30-Mar-2022 17:53:49.815 INFO [main] org.apache.catalina.startup.VersionLoggerListener.log 명령 행 아규먼트:  -Djdk.tls.ephemeralDHKeySize=2048
30-Mar-2022 17:53:49.815 INFO [main] org.apache.catalina.startup.VersionLoggerListener.log 명령 행 아규먼트:  -Djava.protocol.handler.pkgs=org.apache.catalina.webresources
30-Mar-2022 17:53:49.816 INFO [main] org.apache.catalina.startup.VersionLoggerListener.log 명령 행 아규먼트:  -Dignore.endorsed.dirs=
30-Mar-2022 17:53:49.816 INFO [main] org.apache.catalina.startup.VersionLoggerListener.log 명령 행 아규먼트:  -Dcatalina.base=D:\java_practice\JSP_board\apache-tomcat-9.0.60
30-Mar-2022 17:53:49.816 INFO [main] org.apache.catalina.startup.VersionLoggerListener.log 명령 행 아규먼트:  -Dcatalina.home=D:\java_practice\JSP_board\apache-tomcat-9.0.60
30-Mar-2022 17:53:49.817 INFO [main] org.apache.catalina.startup.VersionLoggerListener.log 명령 행 아규먼트:  -Djava.io.tmpdir=D:\java_practice\JSP_board\apache-tomcat-9.0.60\temp
30-Mar-2022 17:53:49.820 INFO [main] org.apache.catalina.core.AprLifecycleListener.lifecycleEvent APR 버전 [1.7.0]을(를) 사용한, APR 기반 Apache Tomcat Native 라이브러리 [1.2.31]을(를) 로드했습니다.
30-Mar-2022 17:53:49.820 INFO [main] org.apache.catalina.core.AprLifecycleListener.lifecycleEvent APR 용량정보들: IPv6 [true], sendfile [true], accept filters [false], random [true], UDS [true].
30-Mar-2022 17:53:49.821 INFO [main] org.apache.catalina.core.AprLifecycleListener.lifecycleEvent APR/OpenSSL 설정: useAprConnector [false], useOpenSSL [true]
30-Mar-2022 17:53:49.825 INFO [main] org.apache.catalina.core.AprLifecycleListener.initializeSSL OpenSSL이 성공적으로 초기화되었습니다: [OpenSSL 1.1.1l  24 Aug 2021]
30-Mar-2022 17:53:50.017 INFO [main] org.apache.coyote.AbstractProtocol.init 프로토콜 핸들러 ["http-nio-8080"]을(를) 초기화합니다.
30-Mar-2022 17:53:50.031 SEVERE [main] org.apache.catalina.util.LifecycleBase.handleSubClassException 구성요소 [Connector[HTTP/1.1-8080]]을(를) 초기화하지 못했습니다.
	org.apache.catalina.LifecycleException: 프로토콜 핸들러 초기화가 실패했습니다.
		at org.apache.catalina.connector.Connector.initInternal(Connector.java:1049)
		at org.apache.catalina.util.LifecycleBase.init(LifecycleBase.java:136)
		at org.apache.catalina.core.StandardService.initInternal(StandardService.java:556)
		at org.apache.catalina.util.LifecycleBase.init(LifecycleBase.java:136)
		at org.apache.catalina.core.StandardServer.initInternal(StandardServer.java:1042)
		at org.apache.catalina.util.LifecycleBase.init(LifecycleBase.java:136)
		at org.apache.catalina.startup.Catalina.load(Catalina.java:724)
		at org.apache.catalina.startup.Catalina.load(Catalina.java:746)
		at java.base/jdk.internal.reflect.DirectMethodHandleAccessor.invoke(DirectMethodHandleAccessor.java:104)
		at java.base/java.lang.reflect.Method.invoke(Method.java:577)
		at org.apache.catalina.startup.Bootstrap.load(Bootstrap.java:305)
		at org.apache.catalina.startup.Bootstrap.main(Bootstrap.java:475)
	Caused by: java.net.BindException: Address already in use: bind
		at java.base/sun.nio.ch.Net.bind0(Native Method)
		at java.base/sun.nio.ch.Net.bind(Net.java:555)
		at java.base/sun.nio.ch.ServerSocketChannelImpl.netBind(ServerSocketChannelImpl.java:337)
		at java.base/sun.nio.ch.ServerSocketChannelImpl.bind(ServerSocketChannelImpl.java:294)
		at org.apache.tomcat.util.net.NioEndpoint.initServerSocket(NioEndpoint.java:274)
		at org.apache.tomcat.util.net.NioEndpoint.bind(NioEndpoint.java:229)
		at org.apache.tomcat.util.net.AbstractEndpoint.bindWithCleanup(AbstractEndpoint.java:1227)
		at org.apache.tomcat.util.net.AbstractEndpoint.init(AbstractEndpoint.java:1240)
		at org.apache.coyote.AbstractProtocol.init(AbstractProtocol.java:603)
		at org.apache.coyote.http11.AbstractHttp11Protocol.init(AbstractHttp11Protocol.java:80)
		at org.apache.catalina.connector.Connector.initInternal(Connector.java:1046)
		... 11 more
30-Mar-2022 17:53:50.033 INFO [main] org.apache.catalina.startup.Catalina.load [387] 밀리초 내에 서버가 초기화되었습니다.
30-Mar-2022 17:53:50.065 INFO [main] org.apache.catalina.core.StandardService.startInternal 서비스 [Catalina]을(를) 시작합니다.
30-Mar-2022 17:53:50.067 INFO [main] org.apache.catalina.core.StandardEngine.startInternal 서버 엔진을 시작합니다: [Apache Tomcat/9.0.60]
30-Mar-2022 17:53:50.073 INFO [main] org.apache.catalina.startup.HostConfig.deployDirectory 웹 애플리케이션 디렉토리 [D:\java_practice\JSP_board\apache-tomcat-9.0.60\webapps\docs]을(를) 배치합니다.
30-Mar-2022 17:53:50.262 INFO [main] org.apache.catalina.startup.HostConfig.deployDirectory 웹 애플리케이션 디렉토리 [D:\java_practice\JSP_board\apache-tomcat-9.0.60\webapps\docs]에 대한 배치가 [187] 밀리초에 완료되었습니다.
30-Mar-2022 17:53:50.264 INFO [main] org.apache.catalina.startup.HostConfig.deployDirectory 웹 애플리케이션 디렉토리 [D:\java_practice\JSP_board\apache-tomcat-9.0.60\webapps\examples]을(를) 배치합니다.
30-Mar-2022 17:53:50.506 INFO [main] org.apache.catalina.startup.HostConfig.deployDirectory 웹 애플리케이션 디렉토리 [D:\java_practice\JSP_board\apache-tomcat-9.0.60\webapps\examples]에 대한 배치가 [242] 밀리초에 완료되었습니다.
30-Mar-2022 17:53:50.508 INFO [main] org.apache.catalina.startup.HostConfig.deployDirectory 웹 애플리케이션 디렉토리 [D:\java_practice\JSP_board\apache-tomcat-9.0.60\webapps\host-manager]을(를) 배치합니다.
30-Mar-2022 17:53:50.535 INFO [main] org.apache.catalina.startup.HostConfig.deployDirectory 웹 애플리케이션 디렉토리 [D:\java_practice\JSP_board\apache-tomcat-9.0.60\webapps\host-manager]에 대한 배치가 [26] 밀리초에 완료되었습니다.
30-Mar-2022 17:53:50.550 INFO [main] org.apache.catalina.startup.HostConfig.deployDirectory 웹 애플리케이션 디렉토리 [D:\java_practice\JSP_board\apache-tomcat-9.0.60\webapps\manager]을(를) 배치합니다.
30-Mar-2022 17:53:50.573 INFO [main] org.apache.catalina.startup.HostConfig.deployDirectory 웹 애플리케이션 디렉토리 [D:\java_practice\JSP_board\apache-tomcat-9.0.60\webapps\manager]에 대한 배치가 [23] 밀리초에 완료되었습니다.
30-Mar-2022 17:53:50.574 INFO [main] org.apache.catalina.startup.HostConfig.deployDirectory 웹 애플리케이션 디렉토리 [D:\java_practice\JSP_board\apache-tomcat-9.0.60\webapps\ROOT]을(를) 배치합니다.
30-Mar-2022 17:53:50.592 INFO [main] org.apache.catalina.startup.HostConfig.deployDirectory 웹 애플리케이션 디렉토리 [D:\java_practice\JSP_board\apache-tomcat-9.0.60\webapps\ROOT]에 대한 배치가 [19] 밀리초에 완료되었습니다.
30-Mar-2022 17:53:50.596 INFO [main] org.apache.catalina.startup.Catalina.start 서버가 [559] 밀리초 내에 시작되었습니다.
30-Mar-2022 17:53:50.603 SEVERE [main] org.apache.catalina.core.StandardServer.await 주소 [localhost]와(과) 포트 [8005]에, 서버 셧다운 소켓을 생성하지 못했습니다. (base 포트 [8005], offset [0])
	java.net.BindException: Address already in use: bind
		at java.base/sun.nio.ch.Net.bind0(Native Method)
		at java.base/sun.nio.ch.Net.bind(Net.java:555)
		at java.base/sun.nio.ch.Net.bind(Net.java:544)
		at java.base/sun.nio.ch.NioSocketImpl.bind(NioSocketImpl.java:640)
		at java.base/java.net.ServerSocket.bind(ServerSocket.java:392)
		at java.base/java.net.ServerSocket.<init>(ServerSocket.java:274)
		at org.apache.catalina.core.StandardServer.await(StandardServer.java:577)
		at org.apache.catalina.startup.Catalina.await(Catalina.java:864)
		at org.apache.catalina.startup.Catalina.start(Catalina.java:810)
		at java.base/jdk.internal.reflect.DirectMethodHandleAccessor.invoke(DirectMethodHandleAccessor.java:104)
		at java.base/java.lang.reflect.Method.invoke(Method.java:577)
		at org.apache.catalina.startup.Bootstrap.start(Bootstrap.java:345)
		at org.apache.catalina.startup.Bootstrap.main(Bootstrap.java:476)
30-Mar-2022 17:53:50.604 INFO [main] org.apache.coyote.AbstractProtocol.pause 프로토콜 핸들러 ["http-nio-8080"]을(를) 일시 정지 중
30-Mar-2022 17:53:50.605 INFO [main] org.apache.catalina.core.StandardService.stopInternal 서비스 [Catalina]을(를) 중지시킵니다.
30-Mar-2022 17:53:50.624 INFO [main] org.apache.coyote.AbstractProtocol.stop 프로토콜 핸들러 ["http-nio-8080"]을(를) 중지시킵니다.
30-Mar-2022 17:53:50.627 INFO [main] org.apache.coyote.AbstractProtocol.destroy 프로토콜 핸들러 ["http-nio-8080"]을(를) 소멸시킵니다.
30-Mar-2022 17:54:16.268 INFO [main] org.apache.catalina.startup.VersionLoggerListener.log 서버 버전 이름:    Apache Tomcat/9.0.60
30-Mar-2022 17:54:16.271 INFO [main] org.apache.catalina.startup.VersionLoggerListener.log Server 빌드 시각:  Mar 9 2022 14:52:25 UTC
30-Mar-2022 17:54:16.271 INFO [main] org.apache.catalina.startup.VersionLoggerListener.log Server 버전 번호:  9.0.60.0
30-Mar-2022 17:54:16.271 INFO [main] org.apache.catalina.startup.VersionLoggerListener.log 운영체제 이름:     Windows 10
30-Mar-2022 17:54:16.271 INFO [main] org.apache.catalina.startup.VersionLoggerListener.log 운영체제 버전:     10.0
30-Mar-2022 17:54:16.271 INFO [main] org.apache.catalina.startup.VersionLoggerListener.log 아키텍처:          amd64
30-Mar-2022 17:54:16.271 INFO [main] org.apache.catalina.startup.VersionLoggerListener.log 자바 홈:           C:\Program Files\Java\jdk-18
30-Mar-2022 17:54:16.272 INFO [main] org.apache.catalina.startup.VersionLoggerListener.log JVM 버전:          18+36-2087
30-Mar-2022 17:54:16.272 INFO [main] org.apache.catalina.startup.VersionLoggerListener.log JVM 벤더:          Oracle Corporation
30-Mar-2022 17:54:16.272 INFO [main] org.apache.catalina.startup.VersionLoggerListener.log CATALINA_BASE:     D:\java_practice\JSP_board\apache-tomcat-9.0.60
30-Mar-2022 17:54:16.272 INFO [main] org.apache.catalina.startup.VersionLoggerListener.log CATALINA_HOME:     D:\java_practice\JSP_board\apache-tomcat-9.0.60
30-Mar-2022 17:54:16.279 INFO [main] org.apache.catalina.startup.VersionLoggerListener.log 명령 행 아규먼트:  --add-opens=java.base/java.lang=ALL-UNNAMED
30-Mar-2022 17:54:16.279 INFO [main] org.apache.catalina.startup.VersionLoggerListener.log 명령 행 아규먼트:  --add-opens=java.base/java.io=ALL-UNNAMED
30-Mar-2022 17:54:16.280 INFO [main] org.apache.catalina.startup.VersionLoggerListener.log 명령 행 아규먼트:  --add-opens=java.base/java.util=ALL-UNNAMED
30-Mar-2022 17:54:16.280 INFO [main] org.apache.catalina.startup.VersionLoggerListener.log 명령 행 아규먼트:  --add-opens=java.base/java.util.concurrent=ALL-UNNAMED
30-Mar-2022 17:54:16.281 INFO [main] org.apache.catalina.startup.VersionLoggerListener.log 명령 행 아규먼트:  --add-opens=java.rmi/sun.rmi.transport=ALL-UNNAMED
30-Mar-2022 17:54:16.281 INFO [main] org.apache.catalina.startup.VersionLoggerListener.log 명령 행 아규먼트:  -Djava.util.logging.config.file=D:\java_practice\JSP_board\apache-tomcat-9.0.60\conf\logging.properties
30-Mar-2022 17:54:16.281 INFO [main] org.apache.catalina.startup.VersionLoggerListener.log 명령 행 아규먼트:  -Djava.util.logging.manager=org.apache.juli.ClassLoaderLogManager
30-Mar-2022 17:54:16.282 INFO [main] org.apache.catalina.startup.VersionLoggerListener.log 명령 행 아규먼트:  -Djdk.tls.ephemeralDHKeySize=2048
30-Mar-2022 17:54:16.282 INFO [main] org.apache.catalina.startup.VersionLoggerListener.log 명령 행 아규먼트:  -Djava.protocol.handler.pkgs=org.apache.catalina.webresources
30-Mar-2022 17:54:16.283 INFO [main] org.apache.catalina.startup.VersionLoggerListener.log 명령 행 아규먼트:  -Dignore.endorsed.dirs=
30-Mar-2022 17:54:16.283 INFO [main] org.apache.catalina.startup.VersionLoggerListener.log 명령 행 아규먼트:  -Dcatalina.base=D:\java_practice\JSP_board\apache-tomcat-9.0.60
30-Mar-2022 17:54:16.284 INFO [main] org.apache.catalina.startup.VersionLoggerListener.log 명령 행 아규먼트:  -Dcatalina.home=D:\java_practice\JSP_board\apache-tomcat-9.0.60
30-Mar-2022 17:54:16.284 INFO [main] org.apache.catalina.startup.VersionLoggerListener.log 명령 행 아규먼트:  -Djava.io.tmpdir=D:\java_practice\JSP_board\apache-tomcat-9.0.60\temp
30-Mar-2022 17:54:16.288 INFO [main] org.apache.catalina.core.AprLifecycleListener.lifecycleEvent APR 버전 [1.7.0]을(를) 사용한, APR 기반 Apache Tomcat Native 라이브러리 [1.2.31]을(를) 로드했습니다.
30-Mar-2022 17:54:16.288 INFO [main] org.apache.catalina.core.AprLifecycleListener.lifecycleEvent APR 용량정보들: IPv6 [true], sendfile [true], accept filters [false], random [true], UDS [true].
30-Mar-2022 17:54:16.288 INFO [main] org.apache.catalina.core.AprLifecycleListener.lifecycleEvent APR/OpenSSL 설정: useAprConnector [false], useOpenSSL [true]
30-Mar-2022 17:54:16.293 INFO [main] org.apache.catalina.core.AprLifecycleListener.initializeSSL OpenSSL이 성공적으로 초기화되었습니다: [OpenSSL 1.1.1l  24 Aug 2021]
30-Mar-2022 17:54:16.492 INFO [main] org.apache.coyote.AbstractProtocol.init 프로토콜 핸들러 ["http-nio-8080"]을(를) 초기화합니다.
30-Mar-2022 17:54:16.512 INFO [main] org.apache.catalina.startup.Catalina.load [403] 밀리초 내에 서버가 초기화되었습니다.
30-Mar-2022 17:54:16.542 INFO [main] org.apache.catalina.core.StandardService.startInternal 서비스 [Catalina]을(를) 시작합니다.
30-Mar-2022 17:54:16.543 INFO [main] org.apache.catalina.core.StandardEngine.startInternal 서버 엔진을 시작합니다: [Apache Tomcat/9.0.60]
30-Mar-2022 17:54:16.548 INFO [main] org.apache.catalina.startup.HostConfig.deployDirectory 웹 애플리케이션 디렉토리 [D:\java_practice\JSP_board\apache-tomcat-9.0.60\webapps\docs]을(를) 배치합니다.
30-Mar-2022 17:54:16.753 INFO [main] org.apache.catalina.startup.HostConfig.deployDirectory 웹 애플리케이션 디렉토리 [D:\java_practice\JSP_board\apache-tomcat-9.0.60\webapps\docs]에 대한 배치가 [203] 밀리초에 완료되었습니다.
30-Mar-2022 17:54:16.755 INFO [main] org.apache.catalina.startup.HostConfig.deployDirectory 웹 애플리케이션 디렉토리 [D:\java_practice\JSP_board\apache-tomcat-9.0.60\webapps\examples]을(를) 배치합니다.
30-Mar-2022 17:54:16.996 INFO [main] org.apache.catalina.startup.HostConfig.deployDirectory 웹 애플리케이션 디렉토리 [D:\java_practice\JSP_board\apache-tomcat-9.0.60\webapps\examples]에 대한 배치가 [241] 밀리초에 완료되었습니다.
30-Mar-2022 17:54:16.998 INFO [main] org.apache.catalina.startup.HostConfig.deployDirectory 웹 애플리케이션 디렉토리 [D:\java_practice\JSP_board\apache-tomcat-9.0.60\webapps\host-manager]을(를) 배치합니다.
30-Mar-2022 17:54:17.023 INFO [main] org.apache.catalina.startup.HostConfig.deployDirectory 웹 애플리케이션 디렉토리 [D:\java_practice\JSP_board\apache-tomcat-9.0.60\webapps\host-manager]에 대한 배치가 [25] 밀리초에 완료되었습니다.
30-Mar-2022 17:54:17.024 INFO [main] org.apache.catalina.startup.HostConfig.deployDirectory 웹 애플리케이션 디렉토리 [D:\java_practice\JSP_board\apache-tomcat-9.0.60\webapps\manager]을(를) 배치합니다.
30-Mar-2022 17:54:17.048 INFO [main] org.apache.catalina.startup.HostConfig.deployDirectory 웹 애플리케이션 디렉토리 [D:\java_practice\JSP_board\apache-tomcat-9.0.60\webapps\manager]에 대한 배치가 [24] 밀리초에 완료되었습니다.
30-Mar-2022 17:54:17.050 INFO [main] org.apache.catalina.startup.HostConfig.deployDirectory 웹 애플리케이션 디렉토리 [D:\java_practice\JSP_board\apache-tomcat-9.0.60\webapps\ROOT]을(를) 배치합니다.
30-Mar-2022 17:54:17.063 INFO [main] org.apache.catalina.startup.HostConfig.deployDirectory 웹 애플리케이션 디렉토리 [D:\java_practice\JSP_board\apache-tomcat-9.0.60\webapps\ROOT]에 대한 배치가 [13] 밀리초에 완료되었습니다.
30-Mar-2022 17:54:17.066 INFO [main] org.apache.coyote.AbstractProtocol.start 프로토콜 핸들러 ["http-nio-8080"]을(를) 시작합니다.
30-Mar-2022 17:54:17.106 INFO [main] org.apache.catalina.startup.Catalina.start 서버가 [592] 밀리초 내에 시작되었습니다.
30-Mar-2022 17:55:03.339 INFO [main] org.apache.catalina.startup.VersionLoggerListener.log 서버 버전 이름:    Apache Tomcat/9.0.60
30-Mar-2022 17:55:03.343 INFO [main] org.apache.catalina.startup.VersionLoggerListener.log Server 빌드 시각:  Mar 9 2022 14:52:25 UTC
30-Mar-2022 17:55:03.343 INFO [main] org.apache.catalina.startup.VersionLoggerListener.log Server 버전 번호:  9.0.60.0
30-Mar-2022 17:55:03.343 INFO [main] org.apache.catalina.startup.VersionLoggerListener.log 운영체제 이름:     Windows 10
30-Mar-2022 17:55:03.344 INFO [main] org.apache.catalina.startup.VersionLoggerListener.log 운영체제 버전:     10.0
30-Mar-2022 17:55:03.344 INFO [main] org.apache.catalina.startup.VersionLoggerListener.log 아키텍처:          amd64
30-Mar-2022 17:55:03.344 INFO [main] org.apache.catalina.startup.VersionLoggerListener.log 자바 홈:           C:\Program Files\Java\jdk-18
30-Mar-2022 17:55:03.344 INFO [main] org.apache.catalina.startup.VersionLoggerListener.log JVM 버전:          18+36-2087
30-Mar-2022 17:55:03.344 INFO [main] org.apache.catalina.startup.VersionLoggerListener.log JVM 벤더:          Oracle Corporation
30-Mar-2022 17:55:03.344 INFO [main] org.apache.catalina.startup.VersionLoggerListener.log CATALINA_BASE:     D:\java_practice\JSP_board\apache-tomcat-9.0.60
30-Mar-2022 17:55:03.344 INFO [main] org.apache.catalina.startup.VersionLoggerListener.log CATALINA_HOME:     D:\java_practice\JSP_board\apache-tomcat-9.0.60
30-Mar-2022 17:55:03.350 INFO [main] org.apache.catalina.startup.VersionLoggerListener.log 명령 행 아규먼트:  --add-opens=java.base/java.lang=ALL-UNNAMED
30-Mar-2022 17:55:03.351 INFO [main] org.apache.catalina.startup.VersionLoggerListener.log 명령 행 아규먼트:  --add-opens=java.base/java.io=ALL-UNNAMED
30-Mar-2022 17:55:03.351 INFO [main] org.apache.catalina.startup.VersionLoggerListener.log 명령 행 아규먼트:  --add-opens=java.base/java.util=ALL-UNNAMED
30-Mar-2022 17:55:03.352 INFO [main] org.apache.catalina.startup.VersionLoggerListener.log 명령 행 아규먼트:  --add-opens=java.base/java.util.concurrent=ALL-UNNAMED
30-Mar-2022 17:55:03.352 INFO [main] org.apache.catalina.startup.VersionLoggerListener.log 명령 행 아규먼트:  --add-opens=java.rmi/sun.rmi.transport=ALL-UNNAMED
30-Mar-2022 17:55:03.352 INFO [main] org.apache.catalina.startup.VersionLoggerListener.log 명령 행 아규먼트:  -Djava.util.logging.config.file=D:\java_practice\JSP_board\apache-tomcat-9.0.60\conf\logging.properties
30-Mar-2022 17:55:03.353 INFO [main] org.apache.catalina.startup.VersionLoggerListener.log 명령 행 아규먼트:  -Djava.util.logging.manager=org.apache.juli.ClassLoaderLogManager
30-Mar-2022 17:55:03.353 INFO [main] org.apache.catalina.startup.VersionLoggerListener.log 명령 행 아규먼트:  -Djdk.tls.ephemeralDHKeySize=2048
30-Mar-2022 17:55:03.353 INFO [main] org.apache.catalina.startup.VersionLoggerListener.log 명령 행 아규먼트:  -Djava.protocol.handler.pkgs=org.apache.catalina.webresources
30-Mar-2022 17:55:03.354 INFO [main] org.apache.catalina.startup.VersionLoggerListener.log 명령 행 아규먼트:  -Dignore.endorsed.dirs=
30-Mar-2022 17:55:03.354 INFO [main] org.apache.catalina.startup.VersionLoggerListener.log 명령 행 아규먼트:  -Dcatalina.base=D:\java_practice\JSP_board\apache-tomcat-9.0.60
30-Mar-2022 17:55:03.355 INFO [main] org.apache.catalina.startup.VersionLoggerListener.log 명령 행 아규먼트:  -Dcatalina.home=D:\java_practice\JSP_board\apache-tomcat-9.0.60
30-Mar-2022 17:55:03.355 INFO [main] org.apache.catalina.startup.VersionLoggerListener.log 명령 행 아규먼트:  -Djava.io.tmpdir=D:\java_practice\JSP_board\apache-tomcat-9.0.60\temp
30-Mar-2022 17:55:03.359 INFO [main] org.apache.catalina.core.AprLifecycleListener.lifecycleEvent APR 버전 [1.7.0]을(를) 사용한, APR 기반 Apache Tomcat Native 라이브러리 [1.2.31]을(를) 로드했습니다.
30-Mar-2022 17:55:03.359 INFO [main] org.apache.catalina.core.AprLifecycleListener.lifecycleEvent APR 용량정보들: IPv6 [true], sendfile [true], accept filters [false], random [true], UDS [true].
30-Mar-2022 17:55:03.360 INFO [main] org.apache.catalina.core.AprLifecycleListener.lifecycleEvent APR/OpenSSL 설정: useAprConnector [false], useOpenSSL [true]
30-Mar-2022 17:55:03.363 INFO [main] org.apache.catalina.core.AprLifecycleListener.initializeSSL OpenSSL이 성공적으로 초기화되었습니다: [OpenSSL 1.1.1l  24 Aug 2021]
30-Mar-2022 17:55:03.567 INFO [main] org.apache.coyote.AbstractProtocol.init 프로토콜 핸들러 ["http-nio-8080"]을(를) 초기화합니다.
30-Mar-2022 17:55:03.591 INFO [main] org.apache.catalina.startup.Catalina.load [407] 밀리초 내에 서버가 초기화되었습니다.
30-Mar-2022 17:55:03.621 INFO [main] org.apache.catalina.core.StandardService.startInternal 서비스 [Catalina]을(를) 시작합니다.
30-Mar-2022 17:55:03.622 INFO [main] org.apache.catalina.core.StandardEngine.startInternal 서버 엔진을 시작합니다: [Apache Tomcat/9.0.60]
30-Mar-2022 17:55:03.627 INFO [main] org.apache.catalina.startup.HostConfig.deployDirectory 웹 애플리케이션 디렉토리 [D:\java_practice\JSP_board\apache-tomcat-9.0.60\webapps\docs]을(를) 배치합니다.
30-Mar-2022 17:55:03.838 INFO [main] org.apache.catalina.startup.HostConfig.deployDirectory 웹 애플리케이션 디렉토리 [D:\java_practice\JSP_board\apache-tomcat-9.0.60\webapps\docs]에 대한 배치가 [209] 밀리초에 완료되었습니다.
30-Mar-2022 17:55:03.840 INFO [main] org.apache.catalina.startup.HostConfig.deployDirectory 웹 애플리케이션 디렉토리 [D:\java_practice\JSP_board\apache-tomcat-9.0.60\webapps\examples]을(를) 배치합니다.
30-Mar-2022 17:55:04.074 INFO [main] org.apache.catalina.startup.HostConfig.deployDirectory 웹 애플리케이션 디렉토리 [D:\java_practice\JSP_board\apache-tomcat-9.0.60\webapps\examples]에 대한 배치가 [234] 밀리초에 완료되었습니다.
30-Mar-2022 17:55:04.075 INFO [main] org.apache.catalina.startup.HostConfig.deployDirectory 웹 애플리케이션 디렉토리 [D:\java_practice\JSP_board\apache-tomcat-9.0.60\webapps\host-manager]을(를) 배치합니다.
30-Mar-2022 17:55:04.101 INFO [main] org.apache.catalina.startup.HostConfig.deployDirectory 웹 애플리케이션 디렉토리 [D:\java_practice\JSP_board\apache-tomcat-9.0.60\webapps\host-manager]에 대한 배치가 [26] 밀리초에 완료되었습니다.
30-Mar-2022 17:55:04.101 INFO [main] org.apache.catalina.startup.HostConfig.deployDirectory 웹 애플리케이션 디렉토리 [D:\java_practice\JSP_board\apache-tomcat-9.0.60\webapps\manager]을(를) 배치합니다.
30-Mar-2022 17:55:04.130 INFO [main] org.apache.catalina.startup.HostConfig.deployDirectory 웹 애플리케이션 디렉토리 [D:\java_practice\JSP_board\apache-tomcat-9.0.60\webapps\manager]에 대한 배치가 [28] 밀리초에 완료되었습니다.
30-Mar-2022 17:55:04.131 INFO [main] org.apache.catalina.startup.HostConfig.deployDirectory 웹 애플리케이션 디렉토리 [D:\java_practice\JSP_board\apache-tomcat-9.0.60\webapps\ROOT]을(를) 배치합니다.
30-Mar-2022 17:55:04.146 INFO [main] org.apache.catalina.startup.HostConfig.deployDirectory 웹 애플리케이션 디렉토리 [D:\java_practice\JSP_board\apache-tomcat-9.0.60\webapps\ROOT]에 대한 배치가 [15] 밀리초에 완료되었습니다.
30-Mar-2022 17:55:04.150 INFO [main] org.apache.coyote.AbstractProtocol.start 프로토콜 핸들러 ["http-nio-8080"]을(를) 시작합니다.
30-Mar-2022 17:55:04.192 INFO [main] org.apache.catalina.startup.Catalina.start 서버가 [599] 밀리초 내에 시작되었습니다.
30-Mar-2022 18:00:08.168 INFO [main] org.apache.catalina.startup.VersionLoggerListener.log 서버 버전 이름:    Apache Tomcat/9.0.60
30-Mar-2022 18:00:08.171 INFO [main] org.apache.catalina.startup.VersionLoggerListener.log Server 빌드 시각:  Mar 9 2022 14:52:25 UTC
30-Mar-2022 18:00:08.171 INFO [main] org.apache.catalina.startup.VersionLoggerListener.log Server 버전 번호:  9.0.60.0
30-Mar-2022 18:00:08.171 INFO [main] org.apache.catalina.startup.VersionLoggerListener.log 운영체제 이름:     Windows 10
30-Mar-2022 18:00:08.171 INFO [main] org.apache.catalina.startup.VersionLoggerListener.log 운영체제 버전:     10.0
30-Mar-2022 18:00:08.171 INFO [main] org.apache.catalina.startup.VersionLoggerListener.log 아키텍처:          amd64
30-Mar-2022 18:00:08.171 INFO [main] org.apache.catalina.startup.VersionLoggerListener.log 자바 홈:           C:\Program Files\Java\jdk-18
30-Mar-2022 18:00:08.171 INFO [main] org.apache.catalina.startup.VersionLoggerListener.log JVM 버전:          18+36-2087
30-Mar-2022 18:00:08.172 INFO [main] org.apache.catalina.startup.VersionLoggerListener.log JVM 벤더:          Oracle Corporation
30-Mar-2022 18:00:08.172 INFO [main] org.apache.catalina.startup.VersionLoggerListener.log CATALINA_BASE:     D:\java_practice\JSP_board\apache-tomcat-9.0.60
30-Mar-2022 18:00:08.172 INFO [main] org.apache.catalina.startup.VersionLoggerListener.log CATALINA_HOME:     D:\java_practice\JSP_board\apache-tomcat-9.0.60
30-Mar-2022 18:00:08.179 INFO [main] org.apache.catalina.startup.VersionLoggerListener.log 명령 행 아규먼트:  --add-opens=java.base/java.lang=ALL-UNNAMED
30-Mar-2022 18:00:08.179 INFO [main] org.apache.catalina.startup.VersionLoggerListener.log 명령 행 아규먼트:  --add-opens=java.base/java.io=ALL-UNNAMED
30-Mar-2022 18:00:08.179 INFO [main] org.apache.catalina.startup.VersionLoggerListener.log 명령 행 아규먼트:  --add-opens=java.base/java.util=ALL-UNNAMED
30-Mar-2022 18:00:08.179 INFO [main] org.apache.catalina.startup.VersionLoggerListener.log 명령 행 아규먼트:  --add-opens=java.base/java.util.concurrent=ALL-UNNAMED
30-Mar-2022 18:00:08.180 INFO [main] org.apache.catalina.startup.VersionLoggerListener.log 명령 행 아규먼트:  --add-opens=java.rmi/sun.rmi.transport=ALL-UNNAMED
30-Mar-2022 18:00:08.180 INFO [main] org.apache.catalina.startup.VersionLoggerListener.log 명령 행 아규먼트:  -Djava.util.logging.config.file=D:\java_practice\JSP_board\apache-tomcat-9.0.60\conf\logging.properties
30-Mar-2022 18:00:08.180 INFO [main] org.apache.catalina.startup.VersionLoggerListener.log 명령 행 아규먼트:  -Djava.util.logging.manager=org.apache.juli.ClassLoaderLogManager
30-Mar-2022 18:00:08.181 INFO [main] org.apache.catalina.startup.VersionLoggerListener.log 명령 행 아규먼트:  -Djdk.tls.ephemeralDHKeySize=2048
30-Mar-2022 18:00:08.181 INFO [main] org.apache.catalina.startup.VersionLoggerListener.log 명령 행 아규먼트:  -Djava.protocol.handler.pkgs=org.apache.catalina.webresources
30-Mar-2022 18:00:08.182 INFO [main] org.apache.catalina.startup.VersionLoggerListener.log 명령 행 아규먼트:  -Dignore.endorsed.dirs=
30-Mar-2022 18:00:08.182 INFO [main] org.apache.catalina.startup.VersionLoggerListener.log 명령 행 아규먼트:  -Dcatalina.base=D:\java_practice\JSP_board\apache-tomcat-9.0.60
30-Mar-2022 18:00:08.182 INFO [main] org.apache.catalina.startup.VersionLoggerListener.log 명령 행 아규먼트:  -Dcatalina.home=D:\java_practice\JSP_board\apache-tomcat-9.0.60
30-Mar-2022 18:00:08.183 INFO [main] org.apache.catalina.startup.VersionLoggerListener.log 명령 행 아규먼트:  -Djava.io.tmpdir=D:\java_practice\JSP_board\apache-tomcat-9.0.60\temp
30-Mar-2022 18:00:08.185 INFO [main] org.apache.catalina.core.AprLifecycleListener.lifecycleEvent APR 버전 [1.7.0]을(를) 사용한, APR 기반 Apache Tomcat Native 라이브러리 [1.2.31]을(를) 로드했습니다.
30-Mar-2022 18:00:08.186 INFO [main] org.apache.catalina.core.AprLifecycleListener.lifecycleEvent APR 용량정보들: IPv6 [true], sendfile [true], accept filters [false], random [true], UDS [true].
30-Mar-2022 18:00:08.186 INFO [main] org.apache.catalina.core.AprLifecycleListener.lifecycleEvent APR/OpenSSL 설정: useAprConnector [false], useOpenSSL [true]
30-Mar-2022 18:00:08.191 INFO [main] org.apache.catalina.core.AprLifecycleListener.initializeSSL OpenSSL이 성공적으로 초기화되었습니다: [OpenSSL 1.1.1l  24 Aug 2021]
30-Mar-2022 18:00:08.385 INFO [main] org.apache.coyote.AbstractProtocol.init 프로토콜 핸들러 ["http-nio-8080"]을(를) 초기화합니다.
30-Mar-2022 18:00:08.401 INFO [main] org.apache.catalina.startup.Catalina.load [389] 밀리초 내에 서버가 초기화되었습니다.
30-Mar-2022 18:00:08.433 INFO [main] org.apache.catalina.core.StandardService.startInternal 서비스 [Catalina]을(를) 시작합니다.
30-Mar-2022 18:00:08.435 INFO [main] org.apache.catalina.core.StandardEngine.startInternal 서버 엔진을 시작합니다: [Apache Tomcat/9.0.60]
30-Mar-2022 18:00:08.440 INFO [main] org.apache.catalina.startup.HostConfig.deployDirectory 웹 애플리케이션 디렉토리 [D:\java_practice\JSP_board\apache-tomcat-9.0.60\webapps\docs]을(를) 배치합니다.
30-Mar-2022 18:00:08.654 INFO [main] org.apache.catalina.startup.HostConfig.deployDirectory 웹 애플리케이션 디렉토리 [D:\java_practice\JSP_board\apache-tomcat-9.0.60\webapps\docs]에 대한 배치가 [212] 밀리초에 완료되었습니다.
30-Mar-2022 18:00:08.656 INFO [main] org.apache.catalina.startup.HostConfig.deployDirectory 웹 애플리케이션 디렉토리 [D:\java_practice\JSP_board\apache-tomcat-9.0.60\webapps\examples]을(를) 배치합니다.
30-Mar-2022 18:00:08.904 INFO [main] org.apache.catalina.startup.HostConfig.deployDirectory 웹 애플리케이션 디렉토리 [D:\java_practice\JSP_board\apache-tomcat-9.0.60\webapps\examples]에 대한 배치가 [248] 밀리초에 완료되었습니다.
30-Mar-2022 18:00:08.906 INFO [main] org.apache.catalina.startup.HostConfig.deployDirectory 웹 애플리케이션 디렉토리 [D:\java_practice\JSP_board\apache-tomcat-9.0.60\webapps\host-manager]을(를) 배치합니다.
30-Mar-2022 18:00:08.933 INFO [main] org.apache.catalina.startup.HostConfig.deployDirectory 웹 애플리케이션 디렉토리 [D:\java_practice\JSP_board\apache-tomcat-9.0.60\webapps\host-manager]에 대한 배치가 [27] 밀리초에 완료되었습니다.
30-Mar-2022 18:00:08.934 INFO [main] org.apache.catalina.startup.HostConfig.deployDirectory 웹 애플리케이션 디렉토리 [D:\java_practice\JSP_board\apache-tomcat-9.0.60\webapps\manager]을(를) 배치합니다.
30-Mar-2022 18:00:08.960 INFO [main] org.apache.catalina.startup.HostConfig.deployDirectory 웹 애플리케이션 디렉토리 [D:\java_practice\JSP_board\apache-tomcat-9.0.60\webapps\manager]에 대한 배치가 [26] 밀리초에 완료되었습니다.
30-Mar-2022 18:00:08.962 INFO [main] org.apache.catalina.startup.HostConfig.deployDirectory 웹 애플리케이션 디렉토리 [D:\java_practice\JSP_board\apache-tomcat-9.0.60\webapps\ROOT]을(를) 배치합니다.
30-Mar-2022 18:00:08.978 INFO [main] org.apache.catalina.startup.HostConfig.deployDirectory 웹 애플리케이션 디렉토리 [D:\java_practice\JSP_board\apache-tomcat-9.0.60\webapps\ROOT]에 대한 배치가 [16] 밀리초에 완료되었습니다.
30-Mar-2022 18:00:08.981 INFO [main] org.apache.coyote.AbstractProtocol.start 프로토콜 핸들러 ["http-nio-8080"]을(를) 시작합니다.
30-Mar-2022 18:00:09.021 INFO [main] org.apache.catalina.startup.Catalina.start 서버가 [618] 밀리초 내에 시작되었습니다.
30-Mar-2022 18:00:31.545 INFO [main] org.apache.catalina.startup.VersionLoggerListener.log 서버 버전 이름:    Apache Tomcat/9.0.60
30-Mar-2022 18:00:31.547 INFO [main] org.apache.catalina.startup.VersionLoggerListener.log Server 빌드 시각:  Mar 9 2022 14:52:25 UTC
30-Mar-2022 18:00:31.547 INFO [main] org.apache.catalina.startup.VersionLoggerListener.log Server 버전 번호:  9.0.60.0
30-Mar-2022 18:00:31.548 INFO [main] org.apache.catalina.startup.VersionLoggerListener.log 운영체제 이름:     Windows 10
30-Mar-2022 18:00:31.548 INFO [main] org.apache.catalina.startup.VersionLoggerListener.log 운영체제 버전:     10.0
30-Mar-2022 18:00:31.548 INFO [main] org.apache.catalina.startup.VersionLoggerListener.log 아키텍처:          amd64
30-Mar-2022 18:00:31.548 INFO [main] org.apache.catalina.startup.VersionLoggerListener.log 자바 홈:           C:\Program Files\Java\jdk-18
30-Mar-2022 18:00:31.548 INFO [main] org.apache.catalina.startup.VersionLoggerListener.log JVM 버전:          18+36-2087
30-Mar-2022 18:00:31.548 INFO [main] org.apache.catalina.startup.VersionLoggerListener.log JVM 벤더:          Oracle Corporation
30-Mar-2022 18:00:31.548 INFO [main] org.apache.catalina.startup.VersionLoggerListener.log CATALINA_BASE:     D:\java_practice\JSP_board\apache-tomcat-9.0.60
30-Mar-2022 18:00:31.548 INFO [main] org.apache.catalina.startup.VersionLoggerListener.log CATALINA_HOME:     D:\java_practice\JSP_board\apache-tomcat-9.0.60
30-Mar-2022 18:00:31.555 INFO [main] org.apache.catalina.startup.VersionLoggerListener.log 명령 행 아규먼트:  --add-opens=java.base/java.lang=ALL-UNNAMED
30-Mar-2022 18:00:31.555 INFO [main] org.apache.catalina.startup.VersionLoggerListener.log 명령 행 아규먼트:  --add-opens=java.base/java.io=ALL-UNNAMED
30-Mar-2022 18:00:31.557 INFO [main] org.apache.catalina.startup.VersionLoggerListener.log 명령 행 아규먼트:  --add-opens=java.base/java.util=ALL-UNNAMED
30-Mar-2022 18:00:31.557 INFO [main] org.apache.catalina.startup.VersionLoggerListener.log 명령 행 아규먼트:  --add-opens=java.base/java.util.concurrent=ALL-UNNAMED
30-Mar-2022 18:00:31.558 INFO [main] org.apache.catalina.startup.VersionLoggerListener.log 명령 행 아규먼트:  --add-opens=java.rmi/sun.rmi.transport=ALL-UNNAMED
30-Mar-2022 18:00:31.558 INFO [main] org.apache.catalina.startup.VersionLoggerListener.log 명령 행 아규먼트:  -Djava.util.logging.config.file=D:\java_practice\JSP_board\apache-tomcat-9.0.60\conf\logging.properties
30-Mar-2022 18:00:31.559 INFO [main] org.apache.catalina.startup.VersionLoggerListener.log 명령 행 아규먼트:  -Djava.util.logging.manager=org.apache.juli.ClassLoaderLogManager
30-Mar-2022 18:00:31.559 INFO [main] org.apache.catalina.startup.VersionLoggerListener.log 명령 행 아규먼트:  -Djdk.tls.ephemeralDHKeySize=2048
30-Mar-2022 18:00:31.559 INFO [main] org.apache.catalina.startup.VersionLoggerListener.log 명령 행 아규먼트:  -Djava.protocol.handler.pkgs=org.apache.catalina.webresources
30-Mar-2022 18:00:31.560 INFO [main] org.apache.catalina.startup.VersionLoggerListener.log 명령 행 아규먼트:  -Dignore.endorsed.dirs=
30-Mar-2022 18:00:31.560 INFO [main] org.apache.catalina.startup.VersionLoggerListener.log 명령 행 아규먼트:  -Dcatalina.base=D:\java_practice\JSP_board\apache-tomcat-9.0.60
30-Mar-2022 18:00:31.560 INFO [main] org.apache.catalina.startup.VersionLoggerListener.log 명령 행 아규먼트:  -Dcatalina.home=D:\java_practice\JSP_board\apache-tomcat-9.0.60
30-Mar-2022 18:00:31.562 INFO [main] org.apache.catalina.startup.VersionLoggerListener.log 명령 행 아규먼트:  -Djava.io.tmpdir=D:\java_practice\JSP_board\apache-tomcat-9.0.60\temp
30-Mar-2022 18:00:31.565 INFO [main] org.apache.catalina.core.AprLifecycleListener.lifecycleEvent APR 버전 [1.7.0]을(를) 사용한, APR 기반 Apache Tomcat Native 라이브러리 [1.2.31]을(를) 로드했습니다.
30-Mar-2022 18:00:31.565 INFO [main] org.apache.catalina.core.AprLifecycleListener.lifecycleEvent APR 용량정보들: IPv6 [true], sendfile [true], accept filters [false], random [true], UDS [true].
30-Mar-2022 18:00:31.566 INFO [main] org.apache.catalina.core.AprLifecycleListener.lifecycleEvent APR/OpenSSL 설정: useAprConnector [false], useOpenSSL [true]
30-Mar-2022 18:00:31.570 INFO [main] org.apache.catalina.core.AprLifecycleListener.initializeSSL OpenSSL이 성공적으로 초기화되었습니다: [OpenSSL 1.1.1l  24 Aug 2021]
30-Mar-2022 18:00:31.757 INFO [main] org.apache.coyote.AbstractProtocol.init 프로토콜 핸들러 ["http-nio-8080"]을(를) 초기화합니다.
30-Mar-2022 18:00:31.774 INFO [main] org.apache.catalina.startup.Catalina.load [384] 밀리초 내에 서버가 초기화되었습니다.
30-Mar-2022 18:00:31.803 INFO [main] org.apache.catalina.core.StandardService.startInternal 서비스 [Catalina]을(를) 시작합니다.
30-Mar-2022 18:00:31.804 INFO [main] org.apache.catalina.core.StandardEngine.startInternal 서버 엔진을 시작합니다: [Apache Tomcat/9.0.60]
30-Mar-2022 18:00:31.810 INFO [main] org.apache.catalina.startup.HostConfig.deployDirectory 웹 애플리케이션 디렉토리 [D:\java_practice\JSP_board\apache-tomcat-9.0.60\webapps\docs]을(를) 배치합니다.
30-Mar-2022 18:00:32.012 INFO [main] org.apache.catalina.startup.HostConfig.deployDirectory 웹 애플리케이션 디렉토리 [D:\java_practice\JSP_board\apache-tomcat-9.0.60\webapps\docs]에 대한 배치가 [201] 밀리초에 완료되었습니다.
30-Mar-2022 18:00:32.015 INFO [main] org.apache.catalina.startup.HostConfig.deployDirectory 웹 애플리케이션 디렉토리 [D:\java_practice\JSP_board\apache-tomcat-9.0.60\webapps\examples]을(를) 배치합니다.
30-Mar-2022 18:00:32.247 INFO [main] org.apache.catalina.startup.HostConfig.deployDirectory 웹 애플리케이션 디렉토리 [D:\java_practice\JSP_board\apache-tomcat-9.0.60\webapps\examples]에 대한 배치가 [232] 밀리초에 완료되었습니다.
30-Mar-2022 18:00:32.248 INFO [main] org.apache.catalina.startup.HostConfig.deployDirectory 웹 애플리케이션 디렉토리 [D:\java_practice\JSP_board\apache-tomcat-9.0.60\webapps\host-manager]을(를) 배치합니다.
30-Mar-2022 18:00:32.274 INFO [main] org.apache.catalina.startup.HostConfig.deployDirectory 웹 애플리케이션 디렉토리 [D:\java_practice\JSP_board\apache-tomcat-9.0.60\webapps\host-manager]에 대한 배치가 [26] 밀리초에 완료되었습니다.
30-Mar-2022 18:00:32.274 INFO [main] org.apache.catalina.startup.HostConfig.deployDirectory 웹 애플리케이션 디렉토리 [D:\java_practice\JSP_board\apache-tomcat-9.0.60\webapps\manager]을(를) 배치합니다.
30-Mar-2022 18:00:32.300 INFO [main] org.apache.catalina.startup.HostConfig.deployDirectory 웹 애플리케이션 디렉토리 [D:\java_practice\JSP_board\apache-tomcat-9.0.60\webapps\manager]에 대한 배치가 [26] 밀리초에 완료되었습니다.
30-Mar-2022 18:00:32.301 INFO [main] org.apache.catalina.startup.HostConfig.deployDirectory 웹 애플리케이션 디렉토리 [D:\java_practice\JSP_board\apache-tomcat-9.0.60\webapps\ROOT]을(를) 배치합니다.
30-Mar-2022 18:00:32.315 INFO [main] org.apache.catalina.startup.HostConfig.deployDirectory 웹 애플리케이션 디렉토리 [D:\java_practice\JSP_board\apache-tomcat-9.0.60\webapps\ROOT]에 대한 배치가 [14] 밀리초에 완료되었습니다.
30-Mar-2022 18:00:32.318 INFO [main] org.apache.coyote.AbstractProtocol.start 프로토콜 핸들러 ["http-nio-8080"]을(를) 시작합니다.
30-Mar-2022 18:00:32.355 INFO [main] org.apache.catalina.startup.Catalina.start 서버가 [579] 밀리초 내에 시작되었습니다.
30-Mar-2022 18:02:50.337 INFO [main] org.apache.catalina.startup.VersionLoggerListener.log 서버 버전 이름:    Apache Tomcat/9.0.60
30-Mar-2022 18:02:50.341 INFO [main] org.apache.catalina.startup.VersionLoggerListener.log Server 빌드 시각:  Mar 9 2022 14:52:25 UTC
30-Mar-2022 18:02:50.341 INFO [main] org.apache.catalina.startup.VersionLoggerListener.log Server 버전 번호:  9.0.60.0
30-Mar-2022 18:02:50.341 INFO [main] org.apache.catalina.startup.VersionLoggerListener.log 운영체제 이름:     Windows 10
30-Mar-2022 18:02:50.341 INFO [main] org.apache.catalina.startup.VersionLoggerListener.log 운영체제 버전:     10.0
30-Mar-2022 18:02:50.341 INFO [main] org.apache.catalina.startup.VersionLoggerListener.log 아키텍처:          amd64
30-Mar-2022 18:02:50.341 INFO [main] org.apache.catalina.startup.VersionLoggerListener.log 자바 홈:           C:\Program Files\Java\jdk-18
30-Mar-2022 18:02:50.341 INFO [main] org.apache.catalina.startup.VersionLoggerListener.log JVM 버전:          18+36-2087
30-Mar-2022 18:02:50.342 INFO [main] org.apache.catalina.startup.VersionLoggerListener.log JVM 벤더:          Oracle Corporation
30-Mar-2022 18:02:50.342 INFO [main] org.apache.catalina.startup.VersionLoggerListener.log CATALINA_BASE:     D:\java_practice\JSP_board\apache-tomcat-9.0.60
30-Mar-2022 18:02:50.342 INFO [main] org.apache.catalina.startup.VersionLoggerListener.log CATALINA_HOME:     D:\java_practice\JSP_board\apache-tomcat-9.0.60
30-Mar-2022 18:02:50.347 INFO [main] org.apache.catalina.startup.VersionLoggerListener.log 명령 행 아규먼트:  --add-opens=java.base/java.lang=ALL-UNNAMED
30-Mar-2022 18:02:50.347 INFO [main] org.apache.catalina.startup.VersionLoggerListener.log 명령 행 아규먼트:  --add-opens=java.base/java.io=ALL-UNNAMED
30-Mar-2022 18:02:50.348 INFO [main] org.apache.catalina.startup.VersionLoggerListener.log 명령 행 아규먼트:  --add-opens=java.base/java.util=ALL-UNNAMED
30-Mar-2022 18:02:50.348 INFO [main] org.apache.catalina.startup.VersionLoggerListener.log 명령 행 아규먼트:  --add-opens=java.base/java.util.concurrent=ALL-UNNAMED
30-Mar-2022 18:02:50.348 INFO [main] org.apache.catalina.startup.VersionLoggerListener.log 명령 행 아규먼트:  --add-opens=java.rmi/sun.rmi.transport=ALL-UNNAMED
30-Mar-2022 18:02:50.349 INFO [main] org.apache.catalina.startup.VersionLoggerListener.log 명령 행 아규먼트:  -Djava.util.logging.config.file=D:\java_practice\JSP_board\apache-tomcat-9.0.60\conf\logging.properties
30-Mar-2022 18:02:50.349 INFO [main] org.apache.catalina.startup.VersionLoggerListener.log 명령 행 아규먼트:  -Djava.util.logging.manager=org.apache.juli.ClassLoaderLogManager
30-Mar-2022 18:02:50.350 INFO [main] org.apache.catalina.startup.VersionLoggerListener.log 명령 행 아규먼트:  -Djdk.tls.ephemeralDHKeySize=2048
30-Mar-2022 18:02:50.350 INFO [main] org.apache.catalina.startup.VersionLoggerListener.log 명령 행 아규먼트:  -Djava.protocol.handler.pkgs=org.apache.catalina.webresources
30-Mar-2022 18:02:50.350 INFO [main] org.apache.catalina.startup.VersionLoggerListener.log 명령 행 아규먼트:  -Dignore.endorsed.dirs=
30-Mar-2022 18:02:50.350 INFO [main] org.apache.catalina.startup.VersionLoggerListener.log 명령 행 아규먼트:  -Dcatalina.base=D:\java_practice\JSP_board\apache-tomcat-9.0.60
30-Mar-2022 18:02:50.351 INFO [main] org.apache.catalina.startup.VersionLoggerListener.log 명령 행 아규먼트:  -Dcatalina.home=D:\java_practice\JSP_board\apache-tomcat-9.0.60
30-Mar-2022 18:02:50.351 INFO [main] org.apache.catalina.startup.VersionLoggerListener.log 명령 행 아규먼트:  -Djava.io.tmpdir=D:\java_practice\JSP_board\apache-tomcat-9.0.60\temp
30-Mar-2022 18:02:50.353 INFO [main] org.apache.catalina.core.AprLifecycleListener.lifecycleEvent APR 버전 [1.7.0]을(를) 사용한, APR 기반 Apache Tomcat Native 라이브러리 [1.2.31]을(를) 로드했습니다.
30-Mar-2022 18:02:50.354 INFO [main] org.apache.catalina.core.AprLifecycleListener.lifecycleEvent APR 용량정보들: IPv6 [true], sendfile [true], accept filters [false], random [true], UDS [true].
30-Mar-2022 18:02:50.355 INFO [main] org.apache.catalina.core.AprLifecycleListener.lifecycleEvent APR/OpenSSL 설정: useAprConnector [false], useOpenSSL [true]
30-Mar-2022 18:02:50.359 INFO [main] org.apache.catalina.core.AprLifecycleListener.initializeSSL OpenSSL이 성공적으로 초기화되었습니다: [OpenSSL 1.1.1l  24 Aug 2021]
30-Mar-2022 18:02:50.554 INFO [main] org.apache.coyote.AbstractProtocol.init 프로토콜 핸들러 ["http-nio-8080"]을(를) 초기화합니다.
30-Mar-2022 18:02:50.571 INFO [main] org.apache.catalina.startup.Catalina.load [378] 밀리초 내에 서버가 초기화되었습니다.
30-Mar-2022 18:02:50.596 INFO [main] org.apache.catalina.core.StandardService.startInternal 서비스 [Catalina]을(를) 시작합니다.
30-Mar-2022 18:02:50.606 INFO [main] org.apache.catalina.core.StandardEngine.startInternal 서버 엔진을 시작합니다: [Apache Tomcat/9.0.60]
30-Mar-2022 18:02:50.612 INFO [main] org.apache.catalina.startup.HostConfig.deployDirectory 웹 애플리케이션 디렉토리 [D:\java_practice\JSP_board\apache-tomcat-9.0.60\webapps\docs]을(를) 배치합니다.
30-Mar-2022 18:02:50.821 INFO [main] org.apache.catalina.startup.HostConfig.deployDirectory 웹 애플리케이션 디렉토리 [D:\java_practice\JSP_board\apache-tomcat-9.0.60\webapps\docs]에 대한 배치가 [206] 밀리초에 완료되었습니다.
30-Mar-2022 18:02:50.823 INFO [main] org.apache.catalina.startup.HostConfig.deployDirectory 웹 애플리케이션 디렉토리 [D:\java_practice\JSP_board\apache-tomcat-9.0.60\webapps\examples]을(를) 배치합니다.
30-Mar-2022 18:02:51.055 INFO [main] org.apache.catalina.startup.HostConfig.deployDirectory 웹 애플리케이션 디렉토리 [D:\java_practice\JSP_board\apache-tomcat-9.0.60\webapps\examples]에 대한 배치가 [232] 밀리초에 완료되었습니다.
30-Mar-2022 18:02:51.057 INFO [main] org.apache.catalina.startup.HostConfig.deployDirectory 웹 애플리케이션 디렉토리 [D:\java_practice\JSP_board\apache-tomcat-9.0.60\webapps\host-manager]을(를) 배치합니다.
30-Mar-2022 18:02:51.089 INFO [main] org.apache.catalina.startup.HostConfig.deployDirectory 웹 애플리케이션 디렉토리 [D:\java_practice\JSP_board\apache-tomcat-9.0.60\webapps\host-manager]에 대한 배치가 [32] 밀리초에 완료되었습니다.
30-Mar-2022 18:02:51.091 INFO [main] org.apache.catalina.startup.HostConfig.deployDirectory 웹 애플리케이션 디렉토리 [D:\java_practice\JSP_board\apache-tomcat-9.0.60\webapps\manager]을(를) 배치합니다.
30-Mar-2022 18:02:51.117 INFO [main] org.apache.catalina.startup.HostConfig.deployDirectory 웹 애플리케이션 디렉토리 [D:\java_practice\JSP_board\apache-tomcat-9.0.60\webapps\manager]에 대한 배치가 [26] 밀리초에 완료되었습니다.
30-Mar-2022 18:02:51.118 INFO [main] org.apache.catalina.startup.HostConfig.deployDirectory 웹 애플리케이션 디렉토리 [D:\java_practice\JSP_board\apache-tomcat-9.0.60\webapps\ROOT]을(를) 배치합니다.
30-Mar-2022 18:02:51.135 INFO [main] org.apache.catalina.startup.HostConfig.deployDirectory 웹 애플리케이션 디렉토리 [D:\java_practice\JSP_board\apache-tomcat-9.0.60\webapps\ROOT]에 대한 배치가 [17] 밀리초에 완료되었습니다.
30-Mar-2022 18:02:51.138 INFO [main] org.apache.coyote.AbstractProtocol.start 프로토콜 핸들러 ["http-nio-8080"]을(를) 시작합니다.
30-Mar-2022 18:02:51.181 INFO [main] org.apache.catalina.startup.Catalina.start 서버가 [609] 밀리초 내에 시작되었습니다.
30-Mar-2022 18:04:37.446 INFO [main] org.apache.catalina.startup.VersionLoggerListener.log 서버 버전 이름:    Apache Tomcat/9.0.60
30-Mar-2022 18:04:53.849 INFO [main] org.apache.catalina.startup.VersionLoggerListener.log 서버 버전 이름:    Apache Tomcat/9.0.60
30-Mar-2022 18:05:56.094 INFO [main] org.apache.catalina.startup.VersionLoggerListener.log 서버 버전 이름:    Apache Tomcat/9.0.60
30-Mar-2022 18:05:56.098 INFO [main] org.apache.catalina.startup.VersionLoggerListener.log Server 빌드 시각:  Mar 9 2022 14:52:25 UTC
30-Mar-2022 18:05:56.098 INFO [main] org.apache.catalina.startup.VersionLoggerListener.log Server 버전 번호:  9.0.60.0
30-Mar-2022 18:05:56.098 INFO [main] org.apache.catalina.startup.VersionLoggerListener.log 운영체제 이름:     Windows 10
30-Mar-2022 18:05:56.098 INFO [main] org.apache.catalina.startup.VersionLoggerListener.log 운영체제 버전:     10.0
30-Mar-2022 18:05:56.098 INFO [main] org.apache.catalina.startup.VersionLoggerListener.log 아키텍처:          amd64
30-Mar-2022 18:05:56.098 INFO [main] org.apache.catalina.startup.VersionLoggerListener.log 자바 홈:           C:\Program Files\Java\jdk-18
30-Mar-2022 18:05:56.098 INFO [main] org.apache.catalina.startup.VersionLoggerListener.log JVM 버전:          18+36-2087
30-Mar-2022 18:05:56.099 INFO [main] org.apache.catalina.startup.VersionLoggerListener.log JVM 벤더:          Oracle Corporation
30-Mar-2022 18:05:56.099 INFO [main] org.apache.catalina.startup.VersionLoggerListener.log CATALINA_BASE:     D:\java_practice\JSP_board\apache-tomcat-9.0.60
30-Mar-2022 18:05:56.099 INFO [main] org.apache.catalina.startup.VersionLoggerListener.log CATALINA_HOME:     D:\java_practice\JSP_board\apache-tomcat-9.0.60
30-Mar-2022 18:05:56.108 INFO [main] org.apache.catalina.startup.VersionLoggerListener.log 명령 행 아규먼트:  --add-opens=java.base/java.lang=ALL-UNNAMED
30-Mar-2022 18:05:56.108 INFO [main] org.apache.catalina.startup.VersionLoggerListener.log 명령 행 아규먼트:  --add-opens=java.base/java.io=ALL-UNNAMED
30-Mar-2022 18:05:56.108 INFO [main] org.apache.catalina.startup.VersionLoggerListener.log 명령 행 아규먼트:  --add-opens=java.base/java.util=ALL-UNNAMED
30-Mar-2022 18:05:56.108 INFO [main] org.apache.catalina.startup.VersionLoggerListener.log 명령 행 아규먼트:  --add-opens=java.base/java.util.concurrent=ALL-UNNAMED
30-Mar-2022 18:05:56.108 INFO [main] org.apache.catalina.startup.VersionLoggerListener.log 명령 행 아규먼트:  --add-opens=java.rmi/sun.rmi.transport=ALL-UNNAMED
30-Mar-2022 18:05:56.109 INFO [main] org.apache.catalina.startup.VersionLoggerListener.log 명령 행 아규먼트:  -Djava.util.logging.config.file=D:\java_practice\JSP_board\apache-tomcat-9.0.60\conf\logging.properties
30-Mar-2022 18:05:56.109 INFO [main] org.apache.catalina.startup.VersionLoggerListener.log 명령 행 아규먼트:  -Djava.util.logging.manager=org.apache.juli.ClassLoaderLogManager
30-Mar-2022 18:05:56.109 INFO [main] org.apache.catalina.startup.VersionLoggerListener.log 명령 행 아규먼트:  -Djdk.tls.ephemeralDHKeySize=2048
30-Mar-2022 18:05:56.109 INFO [main] org.apache.catalina.startup.VersionLoggerListener.log 명령 행 아규먼트:  -Djava.protocol.handler.pkgs=org.apache.catalina.webresources
30-Mar-2022 18:05:56.109 INFO [main] org.apache.catalina.startup.VersionLoggerListener.log 명령 행 아규먼트:  -Dignore.endorsed.dirs=
30-Mar-2022 18:05:56.110 INFO [main] org.apache.catalina.startup.VersionLoggerListener.log 명령 행 아규먼트:  -Dcatalina.base=D:\java_practice\JSP_board\apache-tomcat-9.0.60
30-Mar-2022 18:05:56.110 INFO [main] org.apache.catalina.startup.VersionLoggerListener.log 명령 행 아규먼트:  -Dcatalina.home=D:\java_practice\JSP_board\apache-tomcat-9.0.60
30-Mar-2022 18:05:56.110 INFO [main] org.apache.catalina.startup.VersionLoggerListener.log 명령 행 아규먼트:  -Djava.io.tmpdir=D:\java_practice\JSP_board\apache-tomcat-9.0.60\temp
30-Mar-2022 18:05:56.113 INFO [main] org.apache.catalina.core.AprLifecycleListener.lifecycleEvent APR 버전 [1.7.0]을(를) 사용한, APR 기반 Apache Tomcat Native 라이브러리 [1.2.31]을(를) 로드했습니다.
30-Mar-2022 18:05:56.113 INFO [main] org.apache.catalina.core.AprLifecycleListener.lifecycleEvent APR 용량정보들: IPv6 [true], sendfile [true], accept filters [false], random [true], UDS [true].
30-Mar-2022 18:05:56.113 INFO [main] org.apache.catalina.core.AprLifecycleListener.lifecycleEvent APR/OpenSSL 설정: useAprConnector [false], useOpenSSL [true]
30-Mar-2022 18:05:56.118 INFO [main] org.apache.catalina.core.AprLifecycleListener.initializeSSL OpenSSL이 성공적으로 초기화되었습니다: [OpenSSL 1.1.1l  24 Aug 2021]
30-Mar-2022 18:05:56.325 INFO [main] org.apache.coyote.AbstractProtocol.init 프로토콜 핸들러 ["http-nio-8080"]을(를) 초기화합니다.
30-Mar-2022 18:05:56.343 INFO [main] org.apache.catalina.startup.Catalina.load [411] 밀리초 내에 서버가 초기화되었습니다.
30-Mar-2022 18:05:56.384 INFO [main] org.apache.catalina.core.StandardService.startInternal 서비스 [Catalina]을(를) 시작합니다.
30-Mar-2022 18:05:56.384 INFO [main] org.apache.catalina.core.StandardEngine.startInternal 서버 엔진을 시작합니다: [Apache Tomcat/9.0.60]
30-Mar-2022 18:05:56.390 INFO [main] org.apache.catalina.startup.HostConfig.deployDirectory 웹 애플리케이션 디렉토리 [D:\java_practice\JSP_board\apache-tomcat-9.0.60\webapps\docs]을(를) 배치합니다.
30-Mar-2022 18:05:56.616 INFO [main] org.apache.catalina.startup.HostConfig.deployDirectory 웹 애플리케이션 디렉토리 [D:\java_practice\JSP_board\apache-tomcat-9.0.60\webapps\docs]에 대한 배치가 [224] 밀리초에 완료되었습니다.
30-Mar-2022 18:05:56.617 INFO [main] org.apache.catalina.startup.HostConfig.deployDirectory 웹 애플리케이션 디렉토리 [D:\java_practice\JSP_board\apache-tomcat-9.0.60\webapps\examples]을(를) 배치합니다.
30-Mar-2022 18:05:56.862 INFO [main] org.apache.catalina.startup.HostConfig.deployDirectory 웹 애플리케이션 디렉토리 [D:\java_practice\JSP_board\apache-tomcat-9.0.60\webapps\examples]에 대한 배치가 [246] 밀리초에 완료되었습니다.
30-Mar-2022 18:05:56.863 INFO [main] org.apache.catalina.startup.HostConfig.deployDirectory 웹 애플리케이션 디렉토리 [D:\java_practice\JSP_board\apache-tomcat-9.0.60\webapps\host-manager]을(를) 배치합니다.
30-Mar-2022 18:05:56.887 INFO [main] org.apache.catalina.startup.HostConfig.deployDirectory 웹 애플리케이션 디렉토리 [D:\java_practice\JSP_board\apache-tomcat-9.0.60\webapps\host-manager]에 대한 배치가 [24] 밀리초에 완료되었습니다.
30-Mar-2022 18:05:56.887 INFO [main] org.apache.catalina.startup.HostConfig.deployDirectory 웹 애플리케이션 디렉토리 [D:\java_practice\JSP_board\apache-tomcat-9.0.60\webapps\manager]을(를) 배치합니다.
30-Mar-2022 18:05:56.910 INFO [main] org.apache.catalina.startup.HostConfig.deployDirectory 웹 애플리케이션 디렉토리 [D:\java_practice\JSP_board\apache-tomcat-9.0.60\webapps\manager]에 대한 배치가 [23] 밀리초에 완료되었습니다.
30-Mar-2022 18:05:56.911 INFO [main] org.apache.catalina.startup.HostConfig.deployDirectory 웹 애플리케이션 디렉토리 [D:\java_practice\JSP_board\apache-tomcat-9.0.60\webapps\ROOT]을(를) 배치합니다.
30-Mar-2022 18:05:56.923 INFO [main] org.apache.catalina.startup.HostConfig.deployDirectory 웹 애플리케이션 디렉토리 [D:\java_practice\JSP_board\apache-tomcat-9.0.60\webapps\ROOT]에 대한 배치가 [12] 밀리초에 완료되었습니다.
30-Mar-2022 18:05:56.927 INFO [main] org.apache.coyote.AbstractProtocol.start 프로토콜 핸들러 ["http-nio-8080"]을(를) 시작합니다.
30-Mar-2022 18:05:56.963 INFO [main] org.apache.catalina.startup.Catalina.start 서버가 [605] 밀리초 내에 시작되었습니다.
