30-Mar-2022 17:52:22.839 INFO [main] org.apache.catalina.core.ApplicationContext.log ContextListener: contextInitialized()
30-Mar-2022 17:52:22.839 INFO [main] org.apache.catalina.core.ApplicationContext.log SessionListener: contextInitialized()
30-Mar-2022 17:52:22.840 INFO [main] org.apache.catalina.core.ApplicationContext.log ContextListener: attributeAdded('StockTicker', 'async.Stockticker@2a39fe6a')
30-Mar-2022 17:53:50.496 INFO [main] org.apache.catalina.core.ApplicationContext.log ContextListener: contextInitialized()
30-Mar-2022 17:53:50.496 INFO [main] org.apache.catalina.core.ApplicationContext.log SessionListener: contextInitialized()
30-Mar-2022 17:53:50.499 INFO [main] org.apache.catalina.core.ApplicationContext.log ContextListener: attributeAdded('StockTicker', 'async.Stockticker@7a48e6e2')
30-Mar-2022 17:53:50.618 INFO [main] org.apache.catalina.core.ApplicationContext.log SessionListener: contextDestroyed()
30-Mar-2022 17:53:50.618 INFO [main] org.apache.catalina.core.ApplicationContext.log ContextListener: contextDestroyed()
30-Mar-2022 17:54:16.988 INFO [main] org.apache.catalina.core.ApplicationContext.log ContextListener: contextInitialized()
30-Mar-2022 17:54:16.988 INFO [main] org.apache.catalina.core.ApplicationContext.log SessionListener: contextInitialized()
30-Mar-2022 17:54:16.990 INFO [main] org.apache.catalina.core.ApplicationContext.log ContextListener: attributeAdded('StockTicker', 'async.Stockticker@7fcbe147')
30-Mar-2022 17:55:04.065 INFO [main] org.apache.catalina.core.ApplicationContext.log ContextListener: contextInitialized()
30-Mar-2022 17:55:04.065 INFO [main] org.apache.catalina.core.ApplicationContext.log SessionListener: contextInitialized()
30-Mar-2022 17:55:04.067 INFO [main] org.apache.catalina.core.ApplicationContext.log ContextListener: attributeAdded('StockTicker', 'async.Stockticker@7fcbe147')
30-Mar-2022 18:00:08.897 INFO [main] org.apache.catalina.core.ApplicationContext.log ContextListener: contextInitialized()
30-Mar-2022 18:00:08.897 INFO [main] org.apache.catalina.core.ApplicationContext.log SessionListener: contextInitialized()
30-Mar-2022 18:00:08.898 INFO [main] org.apache.catalina.core.ApplicationContext.log ContextListener: attributeAdded('StockTicker', 'async.Stockticker@25ddbbbb')
30-Mar-2022 18:00:32.239 INFO [main] org.apache.catalina.core.ApplicationContext.log ContextListener: contextInitialized()
30-Mar-2022 18:00:32.239 INFO [main] org.apache.catalina.core.ApplicationContext.log SessionListener: contextInitialized()
30-Mar-2022 18:00:32.240 INFO [main] org.apache.catalina.core.ApplicationContext.log ContextListener: attributeAdded('StockTicker', 'async.Stockticker@7b139eab')
30-Mar-2022 18:02:51.045 INFO [main] org.apache.catalina.core.ApplicationContext.log ContextListener: contextInitialized()
30-Mar-2022 18:02:51.045 INFO [main] org.apache.catalina.core.ApplicationContext.log SessionListener: contextInitialized()
30-Mar-2022 18:02:51.047 INFO [main] org.apache.catalina.core.ApplicationContext.log ContextListener: attributeAdded('StockTicker', 'async.Stockticker@6256ac4f')
30-Mar-2022 18:05:56.855 INFO [main] org.apache.catalina.core.ApplicationContext.log ContextListener: contextInitialized()
30-Mar-2022 18:05:56.855 INFO [main] org.apache.catalina.core.ApplicationContext.log SessionListener: contextInitialized()
30-Mar-2022 18:05:56.856 INFO [main] org.apache.catalina.core.ApplicationContext.log ContextListener: attributeAdded('StockTicker', 'async.Stockticker@5b970f7')
